2014-06-04 10:27:18,053 - Log4JLogChute initialized using file 'velocity.log'
2014-06-04 10:27:18,053 - The version of log4j being used does not support the "trace" level.
2014-06-04 10:27:18,053 - Initializing Velocity, Calling init()...
2014-06-04 10:27:18,053 - *******************************************************************
2014-06-04 10:27:18,053 - Starting Apache Velocity v1.7 (compiled: 2010-11-19 12:14:37)
2014-06-04 10:27:18,053 - RuntimeInstance initializing.
2014-06-04 10:27:18,053 - Default Properties File: org\apache\velocity\runtime\defaults\velocity.properties
2014-06-04 10:27:18,053 - Trying to use logger class org.apache.velocity.runtime.log.AvalonLogChute
2014-06-04 10:27:18,053 - Target log system for org.apache.velocity.runtime.log.AvalonLogChute is not available (java.lang.NoClassDefFoundError: org/apache/log/format/Formatter).  Falling back to next log system...
2014-06-04 10:27:18,053 - Trying to use logger class org.apache.velocity.runtime.log.Log4JLogChute
2014-06-04 10:27:18,054 - Using logger class org.apache.velocity.runtime.log.Log4JLogChute
2014-06-04 10:27:18,056 - Default ResourceManager initializing. (class org.apache.velocity.runtime.resource.ResourceManagerImpl)
2014-06-04 10:27:18,060 - ResourceLoader instantiated: org.apache.velocity.runtime.resource.loader.FileResourceLoader
2014-06-04 10:27:18,062 - FileResourceLoader : initialization starting.
2014-06-04 10:27:18,062 - Do unicode file recognition:  false
2014-06-04 10:27:18,062 - FileResourceLoader : adding path '.'
2014-06-04 10:27:18,062 - FileResourceLoader : initialization complete.
2014-06-04 10:27:18,076 - ResourceCache: initialized (class org.apache.velocity.runtime.resource.ResourceCacheImpl) with class java.util.Collections$SynchronizedMap cache map.
2014-06-04 10:27:18,076 - Default ResourceManager initialization complete.
2014-06-04 10:27:18,078 - Loaded System Directive: org.apache.velocity.runtime.directive.Stop
2014-06-04 10:27:18,079 - Loaded System Directive: org.apache.velocity.runtime.directive.Define
2014-06-04 10:27:18,080 - Loaded System Directive: org.apache.velocity.runtime.directive.Break
2014-06-04 10:27:18,082 - Loaded System Directive: org.apache.velocity.runtime.directive.Evaluate
2014-06-04 10:27:18,083 - Loaded System Directive: org.apache.velocity.runtime.directive.Literal
2014-06-04 10:27:18,084 - Loaded System Directive: org.apache.velocity.runtime.directive.Macro
2014-06-04 10:27:18,086 - Loaded System Directive: org.apache.velocity.runtime.directive.Parse
2014-06-04 10:27:18,087 - Loaded System Directive: org.apache.velocity.runtime.directive.Include
2014-06-04 10:27:18,089 - Loaded System Directive: org.apache.velocity.runtime.directive.Foreach
2014-06-04 10:27:18,126 - Created '20' parsers.
2014-06-04 10:27:18,136 - Velocimacro : initialization starting.
2014-06-04 10:27:18,136 - Velocimacro : "velocimacro.library" is not set.  Trying default library: VM_global_library.vm
2014-06-04 10:27:18,136 - Velocimacro : Default library not found.
2014-06-04 10:27:18,136 - Velocimacro : allowInline = true : VMs can be defined inline in templates
2014-06-04 10:27:18,136 - Velocimacro : allowInlineToOverride = false : VMs defined inline may NOT replace previous VM definitions
2014-06-04 10:27:18,136 - Velocimacro : allowInlineLocal = false : VMs defined inline will be global in scope if allowed.
2014-06-04 10:27:18,136 - Velocimacro : autoload off : VM system will not automatically reload global library macros
2014-06-04 10:27:18,136 - Velocimacro : Velocimacro : initialization complete.
2014-06-04 10:27:18,136 - RuntimeInstance successfully initialized.
2014-06-04 10:31:43,562 - Log4JLogChute initialized using file 'velocity.log'
2014-06-04 10:31:43,563 - The version of log4j being used does not support the "trace" level.
2014-06-04 10:31:43,563 - Initializing Velocity, Calling init()...
2014-06-04 10:31:43,563 - *******************************************************************
2014-06-04 10:31:43,563 - Starting Apache Velocity v1.7 (compiled: 2010-11-19 12:14:37)
2014-06-04 10:31:43,563 - RuntimeInstance initializing.
2014-06-04 10:31:43,563 - Default Properties File: org\apache\velocity\runtime\defaults\velocity.properties
2014-06-04 10:31:43,563 - Trying to use logger class org.apache.velocity.runtime.log.AvalonLogChute
2014-06-04 10:31:43,563 - Target log system for org.apache.velocity.runtime.log.AvalonLogChute is not available (java.lang.NoClassDefFoundError: org/apache/log/format/Formatter).  Falling back to next log system...
2014-06-04 10:31:43,564 - Trying to use logger class org.apache.velocity.runtime.log.Log4JLogChute
2014-06-04 10:31:43,564 - Using logger class org.apache.velocity.runtime.log.Log4JLogChute
2014-06-04 10:31:43,567 - Default ResourceManager initializing. (class org.apache.velocity.runtime.resource.ResourceManagerImpl)
2014-06-04 10:31:43,572 - ResourceLoader instantiated: org.apache.velocity.runtime.resource.loader.FileResourceLoader
2014-06-04 10:31:43,574 - FileResourceLoader : initialization starting.
2014-06-04 10:31:43,574 - Do unicode file recognition:  false
2014-06-04 10:31:43,574 - FileResourceLoader : adding path '.'
2014-06-04 10:31:43,574 - FileResourceLoader : initialization complete.
2014-06-04 10:31:43,592 - ResourceCache: initialized (class org.apache.velocity.runtime.resource.ResourceCacheImpl) with class java.util.Collections$SynchronizedMap cache map.
2014-06-04 10:31:43,592 - Default ResourceManager initialization complete.
2014-06-04 10:31:43,595 - Loaded System Directive: org.apache.velocity.runtime.directive.Stop
2014-06-04 10:31:43,597 - Loaded System Directive: org.apache.velocity.runtime.directive.Define
2014-06-04 10:31:43,599 - Loaded System Directive: org.apache.velocity.runtime.directive.Break
2014-06-04 10:31:43,600 - Loaded System Directive: org.apache.velocity.runtime.directive.Evaluate
2014-06-04 10:31:43,602 - Loaded System Directive: org.apache.velocity.runtime.directive.Literal
2014-06-04 10:31:43,604 - Loaded System Directive: org.apache.velocity.runtime.directive.Macro
2014-06-04 10:31:43,607 - Loaded System Directive: org.apache.velocity.runtime.directive.Parse
2014-06-04 10:31:43,609 - Loaded System Directive: org.apache.velocity.runtime.directive.Include
2014-06-04 10:31:43,612 - Loaded System Directive: org.apache.velocity.runtime.directive.Foreach
2014-06-04 10:31:43,657 - Created '20' parsers.
2014-06-04 10:31:43,667 - Velocimacro : initialization starting.
2014-06-04 10:31:43,667 - Velocimacro : "velocimacro.library" is not set.  Trying default library: VM_global_library.vm
2014-06-04 10:31:43,667 - Velocimacro : Default library not found.
2014-06-04 10:31:43,667 - Velocimacro : allowInline = true : VMs can be defined inline in templates
2014-06-04 10:31:43,667 - Velocimacro : allowInlineToOverride = false : VMs defined inline may NOT replace previous VM definitions
2014-06-04 10:31:43,667 - Velocimacro : allowInlineLocal = false : VMs defined inline will be global in scope if allowed.
2014-06-04 10:31:43,668 - Velocimacro : autoload off : VM system will not automatically reload global library macros
2014-06-04 10:31:43,668 - Velocimacro : Velocimacro : initialization complete.
2014-06-04 10:31:43,668 - RuntimeInstance successfully initialized.
2014-06-04 10:33:50,902 - Log4JLogChute initialized using file 'velocity.log'
2014-06-04 10:33:50,903 - The version of log4j being used does not support the "trace" level.
2014-06-04 10:33:50,903 - Initializing Velocity, Calling init()...
2014-06-04 10:33:50,903 - *******************************************************************
2014-06-04 10:33:50,903 - Starting Apache Velocity v1.7 (compiled: 2010-11-19 12:14:37)
2014-06-04 10:33:50,903 - RuntimeInstance initializing.
2014-06-04 10:33:50,903 - Default Properties File: org\apache\velocity\runtime\defaults\velocity.properties
2014-06-04 10:33:50,903 - Trying to use logger class org.apache.velocity.runtime.log.AvalonLogChute
2014-06-04 10:33:50,903 - Target log system for org.apache.velocity.runtime.log.AvalonLogChute is not available (java.lang.NoClassDefFoundError: org/apache/log/format/Formatter).  Falling back to next log system...
2014-06-04 10:33:50,903 - Trying to use logger class org.apache.velocity.runtime.log.Log4JLogChute
2014-06-04 10:33:50,903 - Using logger class org.apache.velocity.runtime.log.Log4JLogChute
2014-06-04 10:33:50,906 - Default ResourceManager initializing. (class org.apache.velocity.runtime.resource.ResourceManagerImpl)
2014-06-04 10:33:50,911 - ResourceLoader instantiated: org.apache.velocity.runtime.resource.loader.FileResourceLoader
2014-06-04 10:33:50,913 - FileResourceLoader : initialization starting.
2014-06-04 10:33:50,914 - Do unicode file recognition:  false
2014-06-04 10:33:50,914 - FileResourceLoader : adding path '.'
2014-06-04 10:33:50,914 - FileResourceLoader : initialization complete.
2014-06-04 10:33:50,930 - ResourceCache: initialized (class org.apache.velocity.runtime.resource.ResourceCacheImpl) with class java.util.Collections$SynchronizedMap cache map.
2014-06-04 10:33:50,930 - Default ResourceManager initialization complete.
2014-06-04 10:33:50,932 - Loaded System Directive: org.apache.velocity.runtime.directive.Stop
2014-06-04 10:33:50,933 - Loaded System Directive: org.apache.velocity.runtime.directive.Define
2014-06-04 10:33:50,934 - Loaded System Directive: org.apache.velocity.runtime.directive.Break
2014-06-04 10:33:50,935 - Loaded System Directive: org.apache.velocity.runtime.directive.Evaluate
2014-06-04 10:33:50,936 - Loaded System Directive: org.apache.velocity.runtime.directive.Literal
2014-06-04 10:33:50,938 - Loaded System Directive: org.apache.velocity.runtime.directive.Macro
2014-06-04 10:33:50,941 - Loaded System Directive: org.apache.velocity.runtime.directive.Parse
2014-06-04 10:33:50,943 - Loaded System Directive: org.apache.velocity.runtime.directive.Include
2014-06-04 10:33:50,946 - Loaded System Directive: org.apache.velocity.runtime.directive.Foreach
2014-06-04 10:33:51,002 - Created '20' parsers.
2014-06-04 10:33:51,012 - Velocimacro : initialization starting.
2014-06-04 10:33:51,012 - Velocimacro : "velocimacro.library" is not set.  Trying default library: VM_global_library.vm
2014-06-04 10:33:51,012 - Velocimacro : Default library not found.
2014-06-04 10:33:51,012 - Velocimacro : allowInline = true : VMs can be defined inline in templates
2014-06-04 10:33:51,012 - Velocimacro : allowInlineToOverride = false : VMs defined inline may NOT replace previous VM definitions
2014-06-04 10:33:51,034 - Velocimacro : allowInlineLocal = false : VMs defined inline will be global in scope if allowed.
2014-06-04 10:33:51,034 - Velocimacro : autoload off : VM system will not automatically reload global library macros
2014-06-04 10:33:51,034 - Velocimacro : Velocimacro : initialization complete.
2014-06-04 10:33:51,034 - RuntimeInstance successfully initialized.
2014-06-04 10:34:18,170 - Log4JLogChute initialized using file 'velocity.log'
2014-06-04 10:34:18,171 - The version of log4j being used does not support the "trace" level.
2014-06-04 10:34:18,171 - Initializing Velocity, Calling init()...
2014-06-04 10:34:18,171 - *******************************************************************
2014-06-04 10:34:18,171 - Starting Apache Velocity v1.7 (compiled: 2010-11-19 12:14:37)
2014-06-04 10:34:18,171 - RuntimeInstance initializing.
2014-06-04 10:34:18,171 - Default Properties File: org\apache\velocity\runtime\defaults\velocity.properties
2014-06-04 10:34:18,171 - Trying to use logger class org.apache.velocity.runtime.log.AvalonLogChute
2014-06-04 10:34:18,171 - Target log system for org.apache.velocity.runtime.log.AvalonLogChute is not available (java.lang.NoClassDefFoundError: org/apache/log/format/Formatter).  Falling back to next log system...
2014-06-04 10:34:18,171 - Trying to use logger class org.apache.velocity.runtime.log.Log4JLogChute
2014-06-04 10:34:18,171 - Using logger class org.apache.velocity.runtime.log.Log4JLogChute
2014-06-04 10:34:18,174 - Default ResourceManager initializing. (class org.apache.velocity.runtime.resource.ResourceManagerImpl)
2014-06-04 10:34:18,179 - ResourceLoader instantiated: org.apache.velocity.runtime.resource.loader.FileResourceLoader
2014-06-04 10:34:18,180 - FileResourceLoader : initialization starting.
2014-06-04 10:34:18,180 - Do unicode file recognition:  false
2014-06-04 10:34:18,180 - FileResourceLoader : adding path '.'
2014-06-04 10:34:18,180 - FileResourceLoader : initialization complete.
2014-06-04 10:34:18,195 - ResourceCache: initialized (class org.apache.velocity.runtime.resource.ResourceCacheImpl) with class java.util.Collections$SynchronizedMap cache map.
2014-06-04 10:34:18,195 - Default ResourceManager initialization complete.
2014-06-04 10:34:18,197 - Loaded System Directive: org.apache.velocity.runtime.directive.Stop
2014-06-04 10:34:18,198 - Loaded System Directive: org.apache.velocity.runtime.directive.Define
2014-06-04 10:34:18,199 - Loaded System Directive: org.apache.velocity.runtime.directive.Break
2014-06-04 10:34:18,200 - Loaded System Directive: org.apache.velocity.runtime.directive.Evaluate
2014-06-04 10:34:18,201 - Loaded System Directive: org.apache.velocity.runtime.directive.Literal
2014-06-04 10:34:18,203 - Loaded System Directive: org.apache.velocity.runtime.directive.Macro
2014-06-04 10:34:18,205 - Loaded System Directive: org.apache.velocity.runtime.directive.Parse
2014-06-04 10:34:18,206 - Loaded System Directive: org.apache.velocity.runtime.directive.Include
2014-06-04 10:34:18,208 - Loaded System Directive: org.apache.velocity.runtime.directive.Foreach
2014-06-04 10:34:18,240 - Created '20' parsers.
2014-06-04 10:34:18,247 - Velocimacro : initialization starting.
2014-06-04 10:34:18,247 - Velocimacro : "velocimacro.library" is not set.  Trying default library: VM_global_library.vm
2014-06-04 10:34:18,247 - Velocimacro : Default library not found.
2014-06-04 10:34:18,247 - Velocimacro : allowInline = true : VMs can be defined inline in templates
2014-06-04 10:34:18,247 - Velocimacro : allowInlineToOverride = false : VMs defined inline may NOT replace previous VM definitions
2014-06-04 10:34:18,248 - Velocimacro : allowInlineLocal = false : VMs defined inline will be global in scope if allowed.
2014-06-04 10:34:18,248 - Velocimacro : autoload off : VM system will not automatically reload global library macros
2014-06-04 10:34:18,248 - Velocimacro : Velocimacro : initialization complete.
2014-06-04 10:34:18,248 - RuntimeInstance successfully initialized.
2014-06-04 10:35:20,407 - Log4JLogChute initialized using file 'velocity.log'
2014-06-04 10:35:20,408 - The version of log4j being used does not support the "trace" level.
2014-06-04 10:35:20,409 - Initializing Velocity, Calling init()...
2014-06-04 10:35:20,409 - *******************************************************************
2014-06-04 10:35:20,409 - Starting Apache Velocity v1.7 (compiled: 2010-11-19 12:14:37)
2014-06-04 10:35:20,409 - RuntimeInstance initializing.
2014-06-04 10:35:20,409 - Default Properties File: org\apache\velocity\runtime\defaults\velocity.properties
2014-06-04 10:35:20,409 - Trying to use logger class org.apache.velocity.runtime.log.AvalonLogChute
2014-06-04 10:35:20,413 - Target log system for org.apache.velocity.runtime.log.AvalonLogChute is not available (java.lang.NoClassDefFoundError: org/apache/log/format/Formatter).  Falling back to next log system...
2014-06-04 10:35:20,413 - Trying to use logger class org.apache.velocity.runtime.log.Log4JLogChute
2014-06-04 10:35:20,414 - Using logger class org.apache.velocity.runtime.log.Log4JLogChute
2014-06-04 10:35:20,417 - Default ResourceManager initializing. (class org.apache.velocity.runtime.resource.ResourceManagerImpl)
2014-06-04 10:35:20,423 - ResourceLoader instantiated: org.apache.velocity.runtime.resource.loader.FileResourceLoader
2014-06-04 10:35:20,424 - FileResourceLoader : initialization starting.
2014-06-04 10:35:20,424 - Do unicode file recognition:  false
2014-06-04 10:35:20,424 - FileResourceLoader : adding path '.'
2014-06-04 10:35:20,425 - FileResourceLoader : initialization complete.
2014-06-04 10:35:20,446 - ResourceCache: initialized (class org.apache.velocity.runtime.resource.ResourceCacheImpl) with class java.util.Collections$SynchronizedMap cache map.
2014-06-04 10:35:20,447 - Default ResourceManager initialization complete.
2014-06-04 10:35:20,449 - Loaded System Directive: org.apache.velocity.runtime.directive.Stop
2014-06-04 10:35:20,451 - Loaded System Directive: org.apache.velocity.runtime.directive.Define
2014-06-04 10:35:20,453 - Loaded System Directive: org.apache.velocity.runtime.directive.Break
2014-06-04 10:35:20,454 - Loaded System Directive: org.apache.velocity.runtime.directive.Evaluate
2014-06-04 10:35:20,456 - Loaded System Directive: org.apache.velocity.runtime.directive.Literal
2014-06-04 10:35:20,459 - Loaded System Directive: org.apache.velocity.runtime.directive.Macro
2014-06-04 10:35:20,461 - Loaded System Directive: org.apache.velocity.runtime.directive.Parse
2014-06-04 10:35:20,464 - Loaded System Directive: org.apache.velocity.runtime.directive.Include
2014-06-04 10:35:20,466 - Loaded System Directive: org.apache.velocity.runtime.directive.Foreach
2014-06-04 10:35:20,514 - Created '20' parsers.
2014-06-04 10:35:20,525 - Velocimacro : initialization starting.
2014-06-04 10:35:20,525 - Velocimacro : "velocimacro.library" is not set.  Trying default library: VM_global_library.vm
2014-06-04 10:35:20,525 - Velocimacro : Default library not found.
2014-06-04 10:35:20,525 - Velocimacro : allowInline = true : VMs can be defined inline in templates
2014-06-04 10:35:20,525 - Velocimacro : allowInlineToOverride = false : VMs defined inline may NOT replace previous VM definitions
2014-06-04 10:35:20,525 - Velocimacro : allowInlineLocal = false : VMs defined inline will be global in scope if allowed.
2014-06-04 10:35:20,525 - Velocimacro : autoload off : VM system will not automatically reload global library macros
2014-06-04 10:35:20,526 - Velocimacro : Velocimacro : initialization complete.
2014-06-04 10:35:20,526 - RuntimeInstance successfully initialized.
2014-06-04 10:42:37,132 - Log4JLogChute initialized using file 'velocity.log'
2014-06-04 10:42:37,133 - The version of log4j being used does not support the "trace" level.
2014-06-04 10:42:37,133 - Initializing Velocity, Calling init()...
2014-06-04 10:42:37,133 - *******************************************************************
2014-06-04 10:42:37,133 - Starting Apache Velocity v1.7 (compiled: 2010-11-19 12:14:37)
2014-06-04 10:42:37,133 - RuntimeInstance initializing.
2014-06-04 10:42:37,133 - Default Properties File: org\apache\velocity\runtime\defaults\velocity.properties
2014-06-04 10:42:37,133 - Trying to use logger class org.apache.velocity.runtime.log.AvalonLogChute
2014-06-04 10:42:37,133 - Target log system for org.apache.velocity.runtime.log.AvalonLogChute is not available (java.lang.NoClassDefFoundError: org/apache/log/format/Formatter).  Falling back to next log system...
2014-06-04 10:42:37,133 - Trying to use logger class org.apache.velocity.runtime.log.Log4JLogChute
2014-06-04 10:42:37,134 - Using logger class org.apache.velocity.runtime.log.Log4JLogChute
2014-06-04 10:42:37,137 - Default ResourceManager initializing. (class org.apache.velocity.runtime.resource.ResourceManagerImpl)
2014-06-04 10:42:37,141 - ResourceLoader instantiated: org.apache.velocity.runtime.resource.loader.FileResourceLoader
2014-06-04 10:42:37,143 - FileResourceLoader : initialization starting.
2014-06-04 10:42:37,143 - Do unicode file recognition:  false
2014-06-04 10:42:37,143 - FileResourceLoader : adding path '.'
2014-06-04 10:42:37,143 - FileResourceLoader : initialization complete.
2014-06-04 10:42:37,162 - ResourceCache: initialized (class org.apache.velocity.runtime.resource.ResourceCacheImpl) with class java.util.Collections$SynchronizedMap cache map.
2014-06-04 10:42:37,162 - Default ResourceManager initialization complete.
2014-06-04 10:42:37,164 - Loaded System Directive: org.apache.velocity.runtime.directive.Stop
2014-06-04 10:42:37,166 - Loaded System Directive: org.apache.velocity.runtime.directive.Define
2014-06-04 10:42:37,167 - Loaded System Directive: org.apache.velocity.runtime.directive.Break
2014-06-04 10:42:37,169 - Loaded System Directive: org.apache.velocity.runtime.directive.Evaluate
2014-06-04 10:42:37,170 - Loaded System Directive: org.apache.velocity.runtime.directive.Literal
2014-06-04 10:42:37,172 - Loaded System Directive: org.apache.velocity.runtime.directive.Macro
2014-06-04 10:42:37,175 - Loaded System Directive: org.apache.velocity.runtime.directive.Parse
2014-06-04 10:42:37,177 - Loaded System Directive: org.apache.velocity.runtime.directive.Include
2014-06-04 10:42:37,179 - Loaded System Directive: org.apache.velocity.runtime.directive.Foreach
2014-06-04 10:42:37,223 - Created '20' parsers.
2014-06-04 10:42:37,256 - Velocimacro : initialization starting.
2014-06-04 10:42:37,256 - Velocimacro : "velocimacro.library" is not set.  Trying default library: VM_global_library.vm
2014-06-04 10:42:37,256 - Velocimacro : Default library not found.
2014-06-04 10:42:37,256 - Velocimacro : allowInline = true : VMs can be defined inline in templates
2014-06-04 10:42:37,256 - Velocimacro : allowInlineToOverride = false : VMs defined inline may NOT replace previous VM definitions
2014-06-04 10:42:37,256 - Velocimacro : allowInlineLocal = false : VMs defined inline will be global in scope if allowed.
2014-06-04 10:42:37,256 - Velocimacro : autoload off : VM system will not automatically reload global library macros
2014-06-04 10:42:37,256 - Velocimacro : Velocimacro : initialization complete.
2014-06-04 10:42:37,257 - RuntimeInstance successfully initialized.
2014-06-04 10:44:20,212 - Log4JLogChute initialized using file 'velocity.log'
2014-06-04 10:44:20,212 - The version of log4j being used does not support the "trace" level.
2014-06-04 10:44:20,212 - Initializing Velocity, Calling init()...
2014-06-04 10:44:20,212 - *******************************************************************
2014-06-04 10:44:20,212 - Starting Apache Velocity v1.7 (compiled: 2010-11-19 12:14:37)
2014-06-04 10:44:20,212 - RuntimeInstance initializing.
2014-06-04 10:44:20,212 - Default Properties File: org\apache\velocity\runtime\defaults\velocity.properties
2014-06-04 10:44:20,212 - Trying to use logger class org.apache.velocity.runtime.log.AvalonLogChute
2014-06-04 10:44:20,213 - Target log system for org.apache.velocity.runtime.log.AvalonLogChute is not available (java.lang.NoClassDefFoundError: org/apache/log/format/Formatter).  Falling back to next log system...
2014-06-04 10:44:20,213 - Trying to use logger class org.apache.velocity.runtime.log.Log4JLogChute
2014-06-04 10:44:20,213 - Using logger class org.apache.velocity.runtime.log.Log4JLogChute
2014-06-04 10:44:20,216 - Default ResourceManager initializing. (class org.apache.velocity.runtime.resource.ResourceManagerImpl)
2014-06-04 10:44:20,221 - ResourceLoader instantiated: org.apache.velocity.runtime.resource.loader.FileResourceLoader
2014-06-04 10:44:20,223 - FileResourceLoader : initialization starting.
2014-06-04 10:44:20,223 - Do unicode file recognition:  false
2014-06-04 10:44:20,224 - FileResourceLoader : adding path '.'
2014-06-04 10:44:20,224 - FileResourceLoader : initialization complete.
2014-06-04 10:44:20,239 - ResourceCache: initialized (class org.apache.velocity.runtime.resource.ResourceCacheImpl) with class java.util.Collections$SynchronizedMap cache map.
2014-06-04 10:44:20,239 - Default ResourceManager initialization complete.
2014-06-04 10:44:20,241 - Loaded System Directive: org.apache.velocity.runtime.directive.Stop
2014-06-04 10:44:20,243 - Loaded System Directive: org.apache.velocity.runtime.directive.Define
2014-06-04 10:44:20,244 - Loaded System Directive: org.apache.velocity.runtime.directive.Break
2014-06-04 10:44:20,246 - Loaded System Directive: org.apache.velocity.runtime.directive.Evaluate
2014-06-04 10:44:20,247 - Loaded System Directive: org.apache.velocity.runtime.directive.Literal
2014-06-04 10:44:20,249 - Loaded System Directive: org.apache.velocity.runtime.directive.Macro
2014-06-04 10:44:20,251 - Loaded System Directive: org.apache.velocity.runtime.directive.Parse
2014-06-04 10:44:20,253 - Loaded System Directive: org.apache.velocity.runtime.directive.Include
2014-06-04 10:44:20,255 - Loaded System Directive: org.apache.velocity.runtime.directive.Foreach
2014-06-04 10:44:20,293 - Created '20' parsers.
2014-06-04 10:44:20,302 - Velocimacro : initialization starting.
2014-06-04 10:44:20,303 - Velocimacro : "velocimacro.library" is not set.  Trying default library: VM_global_library.vm
2014-06-04 10:44:20,303 - Velocimacro : Default library not found.
2014-06-04 10:44:20,303 - Velocimacro : allowInline = true : VMs can be defined inline in templates
2014-06-04 10:44:20,303 - Velocimacro : allowInlineToOverride = false : VMs defined inline may NOT replace previous VM definitions
2014-06-04 10:44:20,303 - Velocimacro : allowInlineLocal = false : VMs defined inline will be global in scope if allowed.
2014-06-04 10:44:20,303 - Velocimacro : autoload off : VM system will not automatically reload global library macros
2014-06-04 10:44:20,303 - Velocimacro : Velocimacro : initialization complete.
2014-06-04 10:44:20,303 - RuntimeInstance successfully initialized.
2014-06-04 10:44:20,502 - Log4JLogChute initialized using file 'velocity.log'
2014-06-04 10:44:20,502 - Log4JLogChute initialized using file 'velocity.log'
2014-06-04 10:44:20,502 - The version of log4j being used does not support the "trace" level.
2014-06-04 10:44:20,502 - The version of log4j being used does not support the "trace" level.
2014-06-04 10:44:20,502 - Initializing Velocity, Calling init()...
2014-06-04 10:44:20,502 - Initializing Velocity, Calling init()...
2014-06-04 10:44:20,502 - *******************************************************************
2014-06-04 10:44:20,502 - *******************************************************************
2014-06-04 10:44:20,502 - Starting Apache Velocity v1.7 (compiled: 2010-11-19 12:14:37)
2014-06-04 10:44:20,502 - Starting Apache Velocity v1.7 (compiled: 2010-11-19 12:14:37)
2014-06-04 10:44:20,502 - RuntimeInstance initializing.
2014-06-04 10:44:20,502 - RuntimeInstance initializing.
2014-06-04 10:44:20,502 - Default Properties File: org\apache\velocity\runtime\defaults\velocity.properties
2014-06-04 10:44:20,502 - Default Properties File: org\apache\velocity\runtime\defaults\velocity.properties
2014-06-04 10:44:20,502 - Trying to use logger class org.apache.velocity.runtime.log.AvalonLogChute
2014-06-04 10:44:20,502 - Trying to use logger class org.apache.velocity.runtime.log.AvalonLogChute
2014-06-04 10:44:20,502 - Target log system for org.apache.velocity.runtime.log.AvalonLogChute is not available (java.lang.NoClassDefFoundError: org/apache/log/format/Formatter).  Falling back to next log system...
2014-06-04 10:44:20,502 - Target log system for org.apache.velocity.runtime.log.AvalonLogChute is not available (java.lang.NoClassDefFoundError: org/apache/log/format/Formatter).  Falling back to next log system...
2014-06-04 10:44:20,502 - Trying to use logger class org.apache.velocity.runtime.log.Log4JLogChute
2014-06-04 10:44:20,502 - Trying to use logger class org.apache.velocity.runtime.log.Log4JLogChute
2014-06-04 10:44:20,503 - Using logger class org.apache.velocity.runtime.log.Log4JLogChute
2014-06-04 10:44:20,503 - Using logger class org.apache.velocity.runtime.log.Log4JLogChute
2014-06-04 10:44:20,503 - Default ResourceManager initializing. (class org.apache.velocity.runtime.resource.ResourceManagerImpl)
2014-06-04 10:44:20,503 - Default ResourceManager initializing. (class org.apache.velocity.runtime.resource.ResourceManagerImpl)
2014-06-04 10:44:20,504 - ResourceLoader instantiated: org.apache.velocity.runtime.resource.loader.FileResourceLoader
2014-06-04 10:44:20,504 - ResourceLoader instantiated: org.apache.velocity.runtime.resource.loader.FileResourceLoader
2014-06-04 10:44:20,504 - FileResourceLoader : initialization starting.
2014-06-04 10:44:20,504 - FileResourceLoader : initialization starting.
2014-06-04 10:44:20,504 - Do unicode file recognition:  false
2014-06-04 10:44:20,504 - Do unicode file recognition:  false
2014-06-04 10:44:20,504 - FileResourceLoader : adding path '.'
2014-06-04 10:44:20,504 - FileResourceLoader : adding path '.'
2014-06-04 10:44:20,504 - FileResourceLoader : initialization complete.
2014-06-04 10:44:20,504 - FileResourceLoader : initialization complete.
2014-06-04 10:44:20,505 - ResourceCache: initialized (class org.apache.velocity.runtime.resource.ResourceCacheImpl) with class java.util.Collections$SynchronizedMap cache map.
2014-06-04 10:44:20,505 - ResourceCache: initialized (class org.apache.velocity.runtime.resource.ResourceCacheImpl) with class java.util.Collections$SynchronizedMap cache map.
2014-06-04 10:44:20,505 - Default ResourceManager initialization complete.
2014-06-04 10:44:20,505 - Default ResourceManager initialization complete.
2014-06-04 10:44:20,506 - Loaded System Directive: org.apache.velocity.runtime.directive.Stop
2014-06-04 10:44:20,506 - Loaded System Directive: org.apache.velocity.runtime.directive.Stop
2014-06-04 10:44:20,506 - Loaded System Directive: org.apache.velocity.runtime.directive.Define
2014-06-04 10:44:20,506 - Loaded System Directive: org.apache.velocity.runtime.directive.Define
2014-06-04 10:44:20,507 - Loaded System Directive: org.apache.velocity.runtime.directive.Break
2014-06-04 10:44:20,507 - Loaded System Directive: org.apache.velocity.runtime.directive.Break
2014-06-04 10:44:20,508 - Loaded System Directive: org.apache.velocity.runtime.directive.Evaluate
2014-06-04 10:44:20,508 - Loaded System Directive: org.apache.velocity.runtime.directive.Evaluate
2014-06-04 10:44:20,508 - Loaded System Directive: org.apache.velocity.runtime.directive.Literal
2014-06-04 10:44:20,508 - Loaded System Directive: org.apache.velocity.runtime.directive.Literal
2014-06-04 10:44:20,509 - Loaded System Directive: org.apache.velocity.runtime.directive.Macro
2014-06-04 10:44:20,509 - Loaded System Directive: org.apache.velocity.runtime.directive.Macro
2014-06-04 10:44:20,509 - Loaded System Directive: org.apache.velocity.runtime.directive.Parse
2014-06-04 10:44:20,509 - Loaded System Directive: org.apache.velocity.runtime.directive.Parse
2014-06-04 10:44:20,510 - Loaded System Directive: org.apache.velocity.runtime.directive.Include
2014-06-04 10:44:20,510 - Loaded System Directive: org.apache.velocity.runtime.directive.Include
2014-06-04 10:44:20,511 - Loaded System Directive: org.apache.velocity.runtime.directive.Foreach
2014-06-04 10:44:20,511 - Loaded System Directive: org.apache.velocity.runtime.directive.Foreach
2014-06-04 10:44:20,512 - Created '20' parsers.
2014-06-04 10:44:20,512 - Created '20' parsers.
2014-06-04 10:44:20,513 - Velocimacro : initialization starting.
2014-06-04 10:44:20,513 - Velocimacro : initialization starting.
2014-06-04 10:44:20,513 - Velocimacro : "velocimacro.library" is not set.  Trying default library: VM_global_library.vm
2014-06-04 10:44:20,513 - Velocimacro : "velocimacro.library" is not set.  Trying default library: VM_global_library.vm
2014-06-04 10:44:20,513 - Velocimacro : Default library not found.
2014-06-04 10:44:20,513 - Velocimacro : Default library not found.
2014-06-04 10:44:20,513 - Velocimacro : allowInline = true : VMs can be defined inline in templates
2014-06-04 10:44:20,513 - Velocimacro : allowInline = true : VMs can be defined inline in templates
2014-06-04 10:44:20,513 - Velocimacro : allowInlineToOverride = false : VMs defined inline may NOT replace previous VM definitions
2014-06-04 10:44:20,513 - Velocimacro : allowInlineToOverride = false : VMs defined inline may NOT replace previous VM definitions
2014-06-04 10:44:20,513 - Velocimacro : allowInlineLocal = false : VMs defined inline will be global in scope if allowed.
2014-06-04 10:44:20,513 - Velocimacro : allowInlineLocal = false : VMs defined inline will be global in scope if allowed.
2014-06-04 10:44:20,513 - Velocimacro : autoload off : VM system will not automatically reload global library macros
2014-06-04 10:44:20,513 - Velocimacro : autoload off : VM system will not automatically reload global library macros
2014-06-04 10:44:20,513 - Velocimacro : Velocimacro : initialization complete.
2014-06-04 10:44:20,513 - Velocimacro : Velocimacro : initialization complete.
2014-06-04 10:44:20,514 - RuntimeInstance successfully initialized.
2014-06-04 10:44:20,514 - RuntimeInstance successfully initialized.
2014-06-04 10:44:20,557 - Velocimacro : added VM processNotationPart: source=
2014-06-04 10:44:20,557 - Velocimacro : added VM processNotationPart: source=
2014-06-04 10:44:20,557 - Velocimacro : added VM writeSpecifiedType: source=
2014-06-04 10:44:20,557 - Velocimacro : added VM writeSpecifiedType: source=
2014-06-04 10:44:20,574 - RHS of #set statement is null. Context will not be modified. <unknown template>[line 40, column 1]
2014-06-04 10:44:20,574 - RHS of #set statement is null. Context will not be modified. <unknown template>[line 40, column 1]
2014-06-04 10:44:20,580 - RHS of #set statement is null. Context will not be modified. <unknown template>[line 40, column 1]
2014-06-04 10:44:20,580 - RHS of #set statement is null. Context will not be modified. <unknown template>[line 40, column 1]
2014-06-04 10:44:20,581 - RHS of #set statement is null. Context will not be modified. <unknown template>[line 56, column 1]
2014-06-04 10:44:20,581 - RHS of #set statement is null. Context will not be modified. <unknown template>[line 56, column 1]
2014-06-04 10:44:20,585 - RHS of #set statement is null. Context will not be modified. <unknown template>[line 324, column 1]
2014-06-04 10:44:20,585 - RHS of #set statement is null. Context will not be modified. <unknown template>[line 324, column 1]
2014-06-04 10:44:20,587 - RHS of #set statement is null. Context will not be modified. <unknown template>[line 40, column 1]
2014-06-04 10:44:20,587 - RHS of #set statement is null. Context will not be modified. <unknown template>[line 40, column 1]
2014-06-04 10:44:20,587 - RHS of #set statement is null. Context will not be modified. <unknown template>[line 56, column 1]
2014-06-04 10:44:20,587 - RHS of #set statement is null. Context will not be modified. <unknown template>[line 56, column 1]
2014-06-04 10:44:20,592 - RHS of #set statement is null. Context will not be modified. <unknown template>[line 40, column 1]
2014-06-04 10:44:20,592 - RHS of #set statement is null. Context will not be modified. <unknown template>[line 40, column 1]
2014-06-04 10:44:20,592 - RHS of #set statement is null. Context will not be modified. <unknown template>[line 56, column 1]
2014-06-04 10:44:20,592 - RHS of #set statement is null. Context will not be modified. <unknown template>[line 56, column 1]
2014-06-04 10:44:20,593 - RHS of #set statement is null. Context will not be modified. <unknown template>[line 324, column 1]
2014-06-04 10:44:20,593 - RHS of #set statement is null. Context will not be modified. <unknown template>[line 324, column 1]
2014-06-04 10:44:20,594 - RHS of #set statement is null. Context will not be modified. <unknown template>[line 324, column 1]
2014-06-04 10:44:20,594 - RHS of #set statement is null. Context will not be modified. <unknown template>[line 324, column 1]
2014-06-04 10:44:20,595 - RHS of #set statement is null. Context will not be modified. <unknown template>[line 40, column 1]
2014-06-04 10:44:20,595 - RHS of #set statement is null. Context will not be modified. <unknown template>[line 40, column 1]
2014-06-04 10:44:20,596 - RHS of #set statement is null. Context will not be modified. <unknown template>[line 56, column 1]
2014-06-04 10:44:20,596 - RHS of #set statement is null. Context will not be modified. <unknown template>[line 56, column 1]
2014-06-04 10:44:20,597 - RHS of #set statement is null. Context will not be modified. <unknown template>[line 324, column 1]
2014-06-04 10:44:20,597 - RHS of #set statement is null. Context will not be modified. <unknown template>[line 324, column 1]
2014-06-04 10:44:20,597 - RHS of #set statement is null. Context will not be modified. <unknown template>[line 324, column 1]
2014-06-04 10:44:20,597 - RHS of #set statement is null. Context will not be modified. <unknown template>[line 324, column 1]
2014-06-04 10:44:20,599 - RHS of #set statement is null. Context will not be modified. <unknown template>[line 40, column 1]
2014-06-04 10:44:20,599 - RHS of #set statement is null. Context will not be modified. <unknown template>[line 40, column 1]
2014-06-04 10:44:20,600 - RHS of #set statement is null. Context will not be modified. <unknown template>[line 56, column 1]
2014-06-04 10:44:20,600 - RHS of #set statement is null. Context will not be modified. <unknown template>[line 56, column 1]
2014-06-04 10:44:20,600 - RHS of #set statement is null. Context will not be modified. <unknown template>[line 324, column 1]
2014-06-04 10:44:20,600 - RHS of #set statement is null. Context will not be modified. <unknown template>[line 324, column 1]
2014-06-04 10:44:20,600 - RHS of #set statement is null. Context will not be modified. <unknown template>[line 324, column 1]
2014-06-04 10:44:20,600 - RHS of #set statement is null. Context will not be modified. <unknown template>[line 324, column 1]
2014-06-04 10:44:20,601 - RHS of #set statement is null. Context will not be modified. <unknown template>[line 40, column 1]
2014-06-04 10:44:20,601 - RHS of #set statement is null. Context will not be modified. <unknown template>[line 40, column 1]
2014-06-04 10:44:20,601 - RHS of #set statement is null. Context will not be modified. <unknown template>[line 56, column 1]
2014-06-04 10:44:20,601 - RHS of #set statement is null. Context will not be modified. <unknown template>[line 56, column 1]
2014-06-04 10:44:20,601 - RHS of #set statement is null. Context will not be modified. <unknown template>[line 324, column 1]
2014-06-04 10:44:20,601 - RHS of #set statement is null. Context will not be modified. <unknown template>[line 324, column 1]
2014-06-04 10:44:20,601 - RHS of #set statement is null. Context will not be modified. <unknown template>[line 324, column 1]
2014-06-04 10:44:20,601 - RHS of #set statement is null. Context will not be modified. <unknown template>[line 324, column 1]
2014-06-04 10:44:20,602 - RHS of #set statement is null. Context will not be modified. <unknown template>[line 40, column 1]
2014-06-04 10:44:20,602 - RHS of #set statement is null. Context will not be modified. <unknown template>[line 40, column 1]
2014-06-04 10:44:20,602 - RHS of #set statement is null. Context will not be modified. <unknown template>[line 56, column 1]
2014-06-04 10:44:20,602 - RHS of #set statement is null. Context will not be modified. <unknown template>[line 56, column 1]
2014-06-04 10:44:20,603 - RHS of #set statement is null. Context will not be modified. <unknown template>[line 324, column 1]
2014-06-04 10:44:20,603 - RHS of #set statement is null. Context will not be modified. <unknown template>[line 324, column 1]
2014-06-04 10:44:20,603 - RHS of #set statement is null. Context will not be modified. <unknown template>[line 324, column 1]
2014-06-04 10:44:20,603 - RHS of #set statement is null. Context will not be modified. <unknown template>[line 324, column 1]
2014-06-04 10:44:20,604 - RHS of #set statement is null. Context will not be modified. <unknown template>[line 40, column 1]
2014-06-04 10:44:20,604 - RHS of #set statement is null. Context will not be modified. <unknown template>[line 40, column 1]
2014-06-04 10:44:20,604 - RHS of #set statement is null. Context will not be modified. <unknown template>[line 56, column 1]
2014-06-04 10:44:20,604 - RHS of #set statement is null. Context will not be modified. <unknown template>[line 56, column 1]
2014-06-04 10:44:20,605 - RHS of #set statement is null. Context will not be modified. <unknown template>[line 324, column 1]
2014-06-04 10:44:20,605 - RHS of #set statement is null. Context will not be modified. <unknown template>[line 324, column 1]
2014-06-04 10:44:20,605 - RHS of #set statement is null. Context will not be modified. <unknown template>[line 324, column 1]
2014-06-04 10:44:20,605 - RHS of #set statement is null. Context will not be modified. <unknown template>[line 324, column 1]
2014-06-04 10:44:20,606 - RHS of #set statement is null. Context will not be modified. <unknown template>[line 40, column 1]
2014-06-04 10:44:20,606 - RHS of #set statement is null. Context will not be modified. <unknown template>[line 40, column 1]
2014-06-04 10:44:20,606 - RHS of #set statement is null. Context will not be modified. <unknown template>[line 56, column 1]
2014-06-04 10:44:20,606 - RHS of #set statement is null. Context will not be modified. <unknown template>[line 56, column 1]
2014-06-04 10:44:20,606 - RHS of #set statement is null. Context will not be modified. <unknown template>[line 324, column 1]
2014-06-04 10:44:20,606 - RHS of #set statement is null. Context will not be modified. <unknown template>[line 324, column 1]
2014-06-04 10:44:20,606 - RHS of #set statement is null. Context will not be modified. <unknown template>[line 324, column 1]
2014-06-04 10:44:20,606 - RHS of #set statement is null. Context will not be modified. <unknown template>[line 324, column 1]
2014-06-04 10:44:20,607 - RHS of #set statement is null. Context will not be modified. <unknown template>[line 324, column 1]
2014-06-04 10:44:20,607 - RHS of #set statement is null. Context will not be modified. <unknown template>[line 324, column 1]
2014-06-04 10:44:20,608 - RHS of #set statement is null. Context will not be modified. <unknown template>[line 40, column 1]
2014-06-04 10:44:20,608 - RHS of #set statement is null. Context will not be modified. <unknown template>[line 40, column 1]
2014-06-04 10:44:20,608 - RHS of #set statement is null. Context will not be modified. <unknown template>[line 56, column 1]
2014-06-04 10:44:20,608 - RHS of #set statement is null. Context will not be modified. <unknown template>[line 56, column 1]
2014-06-04 10:44:20,608 - RHS of #set statement is null. Context will not be modified. <unknown template>[line 40, column 1]
2014-06-04 10:44:20,608 - RHS of #set statement is null. Context will not be modified. <unknown template>[line 40, column 1]
2014-06-04 10:44:20,608 - RHS of #set statement is null. Context will not be modified. <unknown template>[line 56, column 1]
2014-06-04 10:44:20,608 - RHS of #set statement is null. Context will not be modified. <unknown template>[line 56, column 1]
2014-06-04 10:44:20,608 - RHS of #set statement is null. Context will not be modified. <unknown template>[line 324, column 1]
2014-06-04 10:44:20,608 - RHS of #set statement is null. Context will not be modified. <unknown template>[line 324, column 1]
2014-06-04 10:44:20,609 - RHS of #set statement is null. Context will not be modified. <unknown template>[line 40, column 1]
2014-06-04 10:44:20,609 - RHS of #set statement is null. Context will not be modified. <unknown template>[line 40, column 1]
2014-06-04 10:44:20,610 - RHS of #set statement is null. Context will not be modified. <unknown template>[line 56, column 1]
2014-06-04 10:44:20,610 - RHS of #set statement is null. Context will not be modified. <unknown template>[line 56, column 1]
2014-06-04 10:44:20,610 - RHS of #set statement is null. Context will not be modified. <unknown template>[line 324, column 1]
2014-06-04 10:44:20,610 - RHS of #set statement is null. Context will not be modified. <unknown template>[line 324, column 1]
2014-06-04 10:44:20,610 - RHS of #set statement is null. Context will not be modified. <unknown template>[line 40, column 1]
2014-06-04 10:44:20,610 - RHS of #set statement is null. Context will not be modified. <unknown template>[line 40, column 1]
2014-06-04 10:44:20,616 - RHS of #set statement is null. Context will not be modified. <unknown template>[line 56, column 1]
2014-06-04 10:44:20,616 - RHS of #set statement is null. Context will not be modified. <unknown template>[line 56, column 1]
2014-06-04 10:44:20,617 - RHS of #set statement is null. Context will not be modified. <unknown template>[line 324, column 1]
2014-06-04 10:44:20,617 - RHS of #set statement is null. Context will not be modified. <unknown template>[line 324, column 1]
2014-06-04 10:44:20,636 - Log4JLogChute initialized using file 'velocity.log'
2014-06-04 10:44:20,636 - Log4JLogChute initialized using file 'velocity.log'
2014-06-04 10:44:20,636 - Log4JLogChute initialized using file 'velocity.log'
2014-06-04 10:44:20,636 - The version of log4j being used does not support the "trace" level.
2014-06-04 10:44:20,636 - The version of log4j being used does not support the "trace" level.
2014-06-04 10:44:20,636 - The version of log4j being used does not support the "trace" level.
2014-06-04 10:44:20,636 - Initializing Velocity, Calling init()...
2014-06-04 10:44:20,636 - Initializing Velocity, Calling init()...
2014-06-04 10:44:20,636 - Initializing Velocity, Calling init()...
2014-06-04 10:44:20,636 - *******************************************************************
2014-06-04 10:44:20,636 - *******************************************************************
2014-06-04 10:44:20,636 - *******************************************************************
2014-06-04 10:44:20,637 - Starting Apache Velocity v1.7 (compiled: 2010-11-19 12:14:37)
2014-06-04 10:44:20,637 - Starting Apache Velocity v1.7 (compiled: 2010-11-19 12:14:37)
2014-06-04 10:44:20,637 - Starting Apache Velocity v1.7 (compiled: 2010-11-19 12:14:37)
2014-06-04 10:44:20,637 - RuntimeInstance initializing.
2014-06-04 10:44:20,637 - RuntimeInstance initializing.
2014-06-04 10:44:20,637 - RuntimeInstance initializing.
2014-06-04 10:44:20,637 - Default Properties File: org\apache\velocity\runtime\defaults\velocity.properties
2014-06-04 10:44:20,637 - Default Properties File: org\apache\velocity\runtime\defaults\velocity.properties
2014-06-04 10:44:20,637 - Default Properties File: org\apache\velocity\runtime\defaults\velocity.properties
2014-06-04 10:44:20,637 - Trying to use logger class org.apache.velocity.runtime.log.AvalonLogChute
2014-06-04 10:44:20,637 - Trying to use logger class org.apache.velocity.runtime.log.AvalonLogChute
2014-06-04 10:44:20,637 - Trying to use logger class org.apache.velocity.runtime.log.AvalonLogChute
2014-06-04 10:44:20,637 - Target log system for org.apache.velocity.runtime.log.AvalonLogChute is not available (java.lang.NoClassDefFoundError: org/apache/log/format/Formatter).  Falling back to next log system...
2014-06-04 10:44:20,637 - Target log system for org.apache.velocity.runtime.log.AvalonLogChute is not available (java.lang.NoClassDefFoundError: org/apache/log/format/Formatter).  Falling back to next log system...
2014-06-04 10:44:20,637 - Target log system for org.apache.velocity.runtime.log.AvalonLogChute is not available (java.lang.NoClassDefFoundError: org/apache/log/format/Formatter).  Falling back to next log system...
2014-06-04 10:44:20,637 - Trying to use logger class org.apache.velocity.runtime.log.Log4JLogChute
2014-06-04 10:44:20,637 - Trying to use logger class org.apache.velocity.runtime.log.Log4JLogChute
2014-06-04 10:44:20,637 - Trying to use logger class org.apache.velocity.runtime.log.Log4JLogChute
2014-06-04 10:44:20,637 - Using logger class org.apache.velocity.runtime.log.Log4JLogChute
2014-06-04 10:44:20,637 - Using logger class org.apache.velocity.runtime.log.Log4JLogChute
2014-06-04 10:44:20,637 - Using logger class org.apache.velocity.runtime.log.Log4JLogChute
2014-06-04 10:44:20,637 - Default ResourceManager initializing. (class org.apache.velocity.runtime.resource.ResourceManagerImpl)
2014-06-04 10:44:20,637 - Default ResourceManager initializing. (class org.apache.velocity.runtime.resource.ResourceManagerImpl)
2014-06-04 10:44:20,637 - Default ResourceManager initializing. (class org.apache.velocity.runtime.resource.ResourceManagerImpl)
2014-06-04 10:44:20,638 - ResourceLoader instantiated: org.apache.velocity.runtime.resource.loader.FileResourceLoader
2014-06-04 10:44:20,638 - ResourceLoader instantiated: org.apache.velocity.runtime.resource.loader.FileResourceLoader
2014-06-04 10:44:20,638 - ResourceLoader instantiated: org.apache.velocity.runtime.resource.loader.FileResourceLoader
2014-06-04 10:44:20,638 - FileResourceLoader : initialization starting.
2014-06-04 10:44:20,638 - FileResourceLoader : initialization starting.
2014-06-04 10:44:20,638 - FileResourceLoader : initialization starting.
2014-06-04 10:44:20,638 - Do unicode file recognition:  false
2014-06-04 10:44:20,638 - Do unicode file recognition:  false
2014-06-04 10:44:20,638 - Do unicode file recognition:  false
2014-06-04 10:44:20,638 - FileResourceLoader : adding path '.'
2014-06-04 10:44:20,638 - FileResourceLoader : adding path '.'
2014-06-04 10:44:20,638 - FileResourceLoader : adding path '.'
2014-06-04 10:44:20,638 - FileResourceLoader : initialization complete.
2014-06-04 10:44:20,638 - FileResourceLoader : initialization complete.
2014-06-04 10:44:20,638 - FileResourceLoader : initialization complete.
2014-06-04 10:44:20,638 - ResourceCache: initialized (class org.apache.velocity.runtime.resource.ResourceCacheImpl) with class java.util.Collections$SynchronizedMap cache map.
2014-06-04 10:44:20,638 - ResourceCache: initialized (class org.apache.velocity.runtime.resource.ResourceCacheImpl) with class java.util.Collections$SynchronizedMap cache map.
2014-06-04 10:44:20,638 - ResourceCache: initialized (class org.apache.velocity.runtime.resource.ResourceCacheImpl) with class java.util.Collections$SynchronizedMap cache map.
2014-06-04 10:44:20,638 - Default ResourceManager initialization complete.
2014-06-04 10:44:20,638 - Default ResourceManager initialization complete.
2014-06-04 10:44:20,638 - Default ResourceManager initialization complete.
2014-06-04 10:44:20,639 - Loaded System Directive: org.apache.velocity.runtime.directive.Stop
2014-06-04 10:44:20,639 - Loaded System Directive: org.apache.velocity.runtime.directive.Stop
2014-06-04 10:44:20,639 - Loaded System Directive: org.apache.velocity.runtime.directive.Stop
2014-06-04 10:44:20,639 - Loaded System Directive: org.apache.velocity.runtime.directive.Define
2014-06-04 10:44:20,639 - Loaded System Directive: org.apache.velocity.runtime.directive.Define
2014-06-04 10:44:20,639 - Loaded System Directive: org.apache.velocity.runtime.directive.Define
2014-06-04 10:44:20,640 - Loaded System Directive: org.apache.velocity.runtime.directive.Break
2014-06-04 10:44:20,640 - Loaded System Directive: org.apache.velocity.runtime.directive.Break
2014-06-04 10:44:20,640 - Loaded System Directive: org.apache.velocity.runtime.directive.Break
2014-06-04 10:44:20,640 - Loaded System Directive: org.apache.velocity.runtime.directive.Evaluate
2014-06-04 10:44:20,640 - Loaded System Directive: org.apache.velocity.runtime.directive.Evaluate
2014-06-04 10:44:20,640 - Loaded System Directive: org.apache.velocity.runtime.directive.Evaluate
2014-06-04 10:44:20,640 - Loaded System Directive: org.apache.velocity.runtime.directive.Literal
2014-06-04 10:44:20,640 - Loaded System Directive: org.apache.velocity.runtime.directive.Literal
2014-06-04 10:44:20,640 - Loaded System Directive: org.apache.velocity.runtime.directive.Literal
2014-06-04 10:44:20,640 - Loaded System Directive: org.apache.velocity.runtime.directive.Macro
2014-06-04 10:44:20,640 - Loaded System Directive: org.apache.velocity.runtime.directive.Macro
2014-06-04 10:44:20,640 - Loaded System Directive: org.apache.velocity.runtime.directive.Macro
2014-06-04 10:44:20,641 - Loaded System Directive: org.apache.velocity.runtime.directive.Parse
2014-06-04 10:44:20,641 - Loaded System Directive: org.apache.velocity.runtime.directive.Parse
2014-06-04 10:44:20,641 - Loaded System Directive: org.apache.velocity.runtime.directive.Parse
2014-06-04 10:44:20,641 - Loaded System Directive: org.apache.velocity.runtime.directive.Include
2014-06-04 10:44:20,641 - Loaded System Directive: org.apache.velocity.runtime.directive.Include
2014-06-04 10:44:20,641 - Loaded System Directive: org.apache.velocity.runtime.directive.Include
2014-06-04 10:44:20,641 - Loaded System Directive: org.apache.velocity.runtime.directive.Foreach
2014-06-04 10:44:20,641 - Loaded System Directive: org.apache.velocity.runtime.directive.Foreach
2014-06-04 10:44:20,641 - Loaded System Directive: org.apache.velocity.runtime.directive.Foreach
2014-06-04 10:44:20,643 - Created '20' parsers.
2014-06-04 10:44:20,643 - Created '20' parsers.
2014-06-04 10:44:20,643 - Created '20' parsers.
2014-06-04 10:44:20,643 - Velocimacro : initialization starting.
2014-06-04 10:44:20,643 - Velocimacro : initialization starting.
2014-06-04 10:44:20,643 - Velocimacro : initialization starting.
2014-06-04 10:44:20,644 - Velocimacro : "velocimacro.library" is not set.  Trying default library: VM_global_library.vm
2014-06-04 10:44:20,644 - Velocimacro : "velocimacro.library" is not set.  Trying default library: VM_global_library.vm
2014-06-04 10:44:20,644 - Velocimacro : "velocimacro.library" is not set.  Trying default library: VM_global_library.vm
2014-06-04 10:44:20,644 - Velocimacro : Default library not found.
2014-06-04 10:44:20,644 - Velocimacro : Default library not found.
2014-06-04 10:44:20,644 - Velocimacro : Default library not found.
2014-06-04 10:44:20,644 - Velocimacro : allowInline = true : VMs can be defined inline in templates
2014-06-04 10:44:20,644 - Velocimacro : allowInline = true : VMs can be defined inline in templates
2014-06-04 10:44:20,644 - Velocimacro : allowInline = true : VMs can be defined inline in templates
2014-06-04 10:44:20,644 - Velocimacro : allowInlineToOverride = false : VMs defined inline may NOT replace previous VM definitions
2014-06-04 10:44:20,644 - Velocimacro : allowInlineToOverride = false : VMs defined inline may NOT replace previous VM definitions
2014-06-04 10:44:20,644 - Velocimacro : allowInlineToOverride = false : VMs defined inline may NOT replace previous VM definitions
2014-06-04 10:44:20,644 - Velocimacro : allowInlineLocal = false : VMs defined inline will be global in scope if allowed.
2014-06-04 10:44:20,644 - Velocimacro : allowInlineLocal = false : VMs defined inline will be global in scope if allowed.
2014-06-04 10:44:20,644 - Velocimacro : allowInlineLocal = false : VMs defined inline will be global in scope if allowed.
2014-06-04 10:44:20,644 - Velocimacro : autoload off : VM system will not automatically reload global library macros
2014-06-04 10:44:20,644 - Velocimacro : autoload off : VM system will not automatically reload global library macros
2014-06-04 10:44:20,644 - Velocimacro : autoload off : VM system will not automatically reload global library macros
2014-06-04 10:44:20,644 - Velocimacro : Velocimacro : initialization complete.
2014-06-04 10:44:20,644 - Velocimacro : Velocimacro : initialization complete.
2014-06-04 10:44:20,644 - Velocimacro : Velocimacro : initialization complete.
2014-06-04 10:44:20,644 - RuntimeInstance successfully initialized.
2014-06-04 10:44:20,644 - RuntimeInstance successfully initialized.
2014-06-04 10:44:20,644 - RuntimeInstance successfully initialized.
2014-06-04 10:44:20,653 - Velocimacro : added VM writeSpecifiedType: source=
2014-06-04 10:44:20,653 - Velocimacro : added VM writeSpecifiedType: source=
2014-06-04 10:44:20,653 - Velocimacro : added VM writeSpecifiedType: source=
2014-06-04 10:52:33,163 - Log4JLogChute initialized using file 'velocity.log'
2014-06-04 10:52:33,163 - The version of log4j being used does not support the "trace" level.
2014-06-04 10:52:33,164 - Initializing Velocity, Calling init()...
2014-06-04 10:52:33,164 - *******************************************************************
2014-06-04 10:52:33,164 - Starting Apache Velocity v1.7 (compiled: 2010-11-19 12:14:37)
2014-06-04 10:52:33,164 - RuntimeInstance initializing.
2014-06-04 10:52:33,164 - Default Properties File: org\apache\velocity\runtime\defaults\velocity.properties
2014-06-04 10:52:33,164 - Trying to use logger class org.apache.velocity.runtime.log.AvalonLogChute
2014-06-04 10:52:33,164 - Target log system for org.apache.velocity.runtime.log.AvalonLogChute is not available (java.lang.NoClassDefFoundError: org/apache/log/format/Formatter).  Falling back to next log system...
2014-06-04 10:52:33,164 - Trying to use logger class org.apache.velocity.runtime.log.Log4JLogChute
2014-06-04 10:52:33,164 - Using logger class org.apache.velocity.runtime.log.Log4JLogChute
2014-06-04 10:52:33,167 - Default ResourceManager initializing. (class org.apache.velocity.runtime.resource.ResourceManagerImpl)
2014-06-04 10:52:33,170 - ResourceLoader instantiated: org.apache.velocity.runtime.resource.loader.FileResourceLoader
2014-06-04 10:52:33,171 - FileResourceLoader : initialization starting.
2014-06-04 10:52:33,172 - Do unicode file recognition:  false
2014-06-04 10:52:33,172 - FileResourceLoader : adding path '.'
2014-06-04 10:52:33,172 - FileResourceLoader : initialization complete.
2014-06-04 10:52:33,184 - ResourceCache: initialized (class org.apache.velocity.runtime.resource.ResourceCacheImpl) with class java.util.Collections$SynchronizedMap cache map.
2014-06-04 10:52:33,185 - Default ResourceManager initialization complete.
2014-06-04 10:52:33,186 - Loaded System Directive: org.apache.velocity.runtime.directive.Stop
2014-06-04 10:52:33,188 - Loaded System Directive: org.apache.velocity.runtime.directive.Define
2014-06-04 10:52:33,189 - Loaded System Directive: org.apache.velocity.runtime.directive.Break
2014-06-04 10:52:33,191 - Loaded System Directive: org.apache.velocity.runtime.directive.Evaluate
2014-06-04 10:52:33,192 - Loaded System Directive: org.apache.velocity.runtime.directive.Literal
2014-06-04 10:52:33,195 - Loaded System Directive: org.apache.velocity.runtime.directive.Macro
2014-06-04 10:52:33,197 - Loaded System Directive: org.apache.velocity.runtime.directive.Parse
2014-06-04 10:52:33,199 - Loaded System Directive: org.apache.velocity.runtime.directive.Include
2014-06-04 10:52:33,201 - Loaded System Directive: org.apache.velocity.runtime.directive.Foreach
2014-06-04 10:52:33,234 - Created '20' parsers.
2014-06-04 10:52:33,238 - Velocimacro : initialization starting.
2014-06-04 10:52:33,239 - Velocimacro : "velocimacro.library" is not set.  Trying default library: VM_global_library.vm
2014-06-04 10:52:33,239 - Velocimacro : Default library not found.
2014-06-04 10:52:33,239 - Velocimacro : allowInline = true : VMs can be defined inline in templates
2014-06-04 10:52:33,239 - Velocimacro : allowInlineToOverride = false : VMs defined inline may NOT replace previous VM definitions
2014-06-04 10:52:33,239 - Velocimacro : allowInlineLocal = false : VMs defined inline will be global in scope if allowed.
2014-06-04 10:52:33,239 - Velocimacro : autoload off : VM system will not automatically reload global library macros
2014-06-04 10:52:33,239 - Velocimacro : Velocimacro : initialization complete.
2014-06-04 10:52:33,239 - RuntimeInstance successfully initialized.
2014-06-04 10:52:33,431 - Log4JLogChute initialized using file 'velocity.log'
2014-06-04 10:52:33,431 - Log4JLogChute initialized using file 'velocity.log'
2014-06-04 10:52:33,432 - The version of log4j being used does not support the "trace" level.
2014-06-04 10:52:33,432 - The version of log4j being used does not support the "trace" level.
2014-06-04 10:52:33,432 - Initializing Velocity, Calling init()...
2014-06-04 10:52:33,432 - Initializing Velocity, Calling init()...
2014-06-04 10:52:33,432 - *******************************************************************
2014-06-04 10:52:33,432 - *******************************************************************
2014-06-04 10:52:33,432 - Starting Apache Velocity v1.7 (compiled: 2010-11-19 12:14:37)
2014-06-04 10:52:33,432 - Starting Apache Velocity v1.7 (compiled: 2010-11-19 12:14:37)
2014-06-04 10:52:33,432 - RuntimeInstance initializing.
2014-06-04 10:52:33,432 - RuntimeInstance initializing.
2014-06-04 10:52:33,432 - Default Properties File: org\apache\velocity\runtime\defaults\velocity.properties
2014-06-04 10:52:33,432 - Default Properties File: org\apache\velocity\runtime\defaults\velocity.properties
2014-06-04 10:52:33,432 - Trying to use logger class org.apache.velocity.runtime.log.AvalonLogChute
2014-06-04 10:52:33,432 - Trying to use logger class org.apache.velocity.runtime.log.AvalonLogChute
2014-06-04 10:52:33,432 - Target log system for org.apache.velocity.runtime.log.AvalonLogChute is not available (java.lang.NoClassDefFoundError: org/apache/log/format/Formatter).  Falling back to next log system...
2014-06-04 10:52:33,432 - Target log system for org.apache.velocity.runtime.log.AvalonLogChute is not available (java.lang.NoClassDefFoundError: org/apache/log/format/Formatter).  Falling back to next log system...
2014-06-04 10:52:33,432 - Trying to use logger class org.apache.velocity.runtime.log.Log4JLogChute
2014-06-04 10:52:33,432 - Trying to use logger class org.apache.velocity.runtime.log.Log4JLogChute
2014-06-04 10:52:33,432 - Using logger class org.apache.velocity.runtime.log.Log4JLogChute
2014-06-04 10:52:33,432 - Using logger class org.apache.velocity.runtime.log.Log4JLogChute
2014-06-04 10:52:33,432 - Default ResourceManager initializing. (class org.apache.velocity.runtime.resource.ResourceManagerImpl)
2014-06-04 10:52:33,432 - Default ResourceManager initializing. (class org.apache.velocity.runtime.resource.ResourceManagerImpl)
2014-06-04 10:52:33,433 - ResourceLoader instantiated: org.apache.velocity.runtime.resource.loader.FileResourceLoader
2014-06-04 10:52:33,433 - ResourceLoader instantiated: org.apache.velocity.runtime.resource.loader.FileResourceLoader
2014-06-04 10:52:33,433 - FileResourceLoader : initialization starting.
2014-06-04 10:52:33,433 - FileResourceLoader : initialization starting.
2014-06-04 10:52:33,434 - Do unicode file recognition:  false
2014-06-04 10:52:33,434 - Do unicode file recognition:  false
2014-06-04 10:52:33,434 - FileResourceLoader : adding path '.'
2014-06-04 10:52:33,434 - FileResourceLoader : adding path '.'
2014-06-04 10:52:33,434 - FileResourceLoader : initialization complete.
2014-06-04 10:52:33,434 - FileResourceLoader : initialization complete.
2014-06-04 10:52:33,435 - ResourceCache: initialized (class org.apache.velocity.runtime.resource.ResourceCacheImpl) with class java.util.Collections$SynchronizedMap cache map.
2014-06-04 10:52:33,435 - ResourceCache: initialized (class org.apache.velocity.runtime.resource.ResourceCacheImpl) with class java.util.Collections$SynchronizedMap cache map.
2014-06-04 10:52:33,435 - Default ResourceManager initialization complete.
2014-06-04 10:52:33,435 - Default ResourceManager initialization complete.
2014-06-04 10:52:33,436 - Loaded System Directive: org.apache.velocity.runtime.directive.Stop
2014-06-04 10:52:33,436 - Loaded System Directive: org.apache.velocity.runtime.directive.Stop
2014-06-04 10:52:33,436 - Loaded System Directive: org.apache.velocity.runtime.directive.Define
2014-06-04 10:52:33,436 - Loaded System Directive: org.apache.velocity.runtime.directive.Define
2014-06-04 10:52:33,437 - Loaded System Directive: org.apache.velocity.runtime.directive.Break
2014-06-04 10:52:33,437 - Loaded System Directive: org.apache.velocity.runtime.directive.Break
2014-06-04 10:52:33,437 - Loaded System Directive: org.apache.velocity.runtime.directive.Evaluate
2014-06-04 10:52:33,437 - Loaded System Directive: org.apache.velocity.runtime.directive.Evaluate
2014-06-04 10:52:33,438 - Loaded System Directive: org.apache.velocity.runtime.directive.Literal
2014-06-04 10:52:33,438 - Loaded System Directive: org.apache.velocity.runtime.directive.Literal
2014-06-04 10:52:33,438 - Loaded System Directive: org.apache.velocity.runtime.directive.Macro
2014-06-04 10:52:33,438 - Loaded System Directive: org.apache.velocity.runtime.directive.Macro
2014-06-04 10:52:33,438 - Loaded System Directive: org.apache.velocity.runtime.directive.Parse
2014-06-04 10:52:33,438 - Loaded System Directive: org.apache.velocity.runtime.directive.Parse
2014-06-04 10:52:33,439 - Loaded System Directive: org.apache.velocity.runtime.directive.Include
2014-06-04 10:52:33,439 - Loaded System Directive: org.apache.velocity.runtime.directive.Include
2014-06-04 10:52:33,439 - Loaded System Directive: org.apache.velocity.runtime.directive.Foreach
2014-06-04 10:52:33,439 - Loaded System Directive: org.apache.velocity.runtime.directive.Foreach
2014-06-04 10:52:33,440 - Created '20' parsers.
2014-06-04 10:52:33,440 - Created '20' parsers.
2014-06-04 10:52:33,442 - Velocimacro : initialization starting.
2014-06-04 10:52:33,442 - Velocimacro : initialization starting.
2014-06-04 10:52:33,442 - Velocimacro : "velocimacro.library" is not set.  Trying default library: VM_global_library.vm
2014-06-04 10:52:33,442 - Velocimacro : "velocimacro.library" is not set.  Trying default library: VM_global_library.vm
2014-06-04 10:52:33,442 - Velocimacro : Default library not found.
2014-06-04 10:52:33,442 - Velocimacro : Default library not found.
2014-06-04 10:52:33,442 - Velocimacro : allowInline = true : VMs can be defined inline in templates
2014-06-04 10:52:33,442 - Velocimacro : allowInline = true : VMs can be defined inline in templates
2014-06-04 10:52:33,442 - Velocimacro : allowInlineToOverride = false : VMs defined inline may NOT replace previous VM definitions
2014-06-04 10:52:33,442 - Velocimacro : allowInlineToOverride = false : VMs defined inline may NOT replace previous VM definitions
2014-06-04 10:52:33,442 - Velocimacro : allowInlineLocal = false : VMs defined inline will be global in scope if allowed.
2014-06-04 10:52:33,442 - Velocimacro : allowInlineLocal = false : VMs defined inline will be global in scope if allowed.
2014-06-04 10:52:33,442 - Velocimacro : autoload off : VM system will not automatically reload global library macros
2014-06-04 10:52:33,442 - Velocimacro : autoload off : VM system will not automatically reload global library macros
2014-06-04 10:52:33,442 - Velocimacro : Velocimacro : initialization complete.
2014-06-04 10:52:33,442 - Velocimacro : Velocimacro : initialization complete.
2014-06-04 10:52:33,442 - RuntimeInstance successfully initialized.
2014-06-04 10:52:33,442 - RuntimeInstance successfully initialized.
2014-06-04 10:52:33,489 - Velocimacro : added VM processNotationPart: source=
2014-06-04 10:52:33,489 - Velocimacro : added VM processNotationPart: source=
2014-06-04 10:52:33,489 - Velocimacro : added VM writeSpecifiedType: source=
2014-06-04 10:52:33,489 - Velocimacro : added VM writeSpecifiedType: source=
2014-06-04 10:52:33,508 - RHS of #set statement is null. Context will not be modified. <unknown template>[line 40, column 1]
2014-06-04 10:52:33,508 - RHS of #set statement is null. Context will not be modified. <unknown template>[line 40, column 1]
2014-06-04 10:52:33,512 - RHS of #set statement is null. Context will not be modified. <unknown template>[line 40, column 1]
2014-06-04 10:52:33,512 - RHS of #set statement is null. Context will not be modified. <unknown template>[line 40, column 1]
2014-06-04 10:52:33,513 - RHS of #set statement is null. Context will not be modified. <unknown template>[line 56, column 1]
2014-06-04 10:52:33,513 - RHS of #set statement is null. Context will not be modified. <unknown template>[line 56, column 1]
2014-06-04 10:52:33,516 - RHS of #set statement is null. Context will not be modified. <unknown template>[line 40, column 1]
2014-06-04 10:52:33,516 - RHS of #set statement is null. Context will not be modified. <unknown template>[line 40, column 1]
2014-06-04 10:52:33,517 - RHS of #set statement is null. Context will not be modified. <unknown template>[line 56, column 1]
2014-06-04 10:52:33,517 - RHS of #set statement is null. Context will not be modified. <unknown template>[line 56, column 1]
2014-06-04 10:52:33,521 - RHS of #set statement is null. Context will not be modified. <unknown template>[line 324, column 1]
2014-06-04 10:52:33,521 - RHS of #set statement is null. Context will not be modified. <unknown template>[line 324, column 1]
2014-06-04 10:52:33,525 - RHS of #set statement is null. Context will not be modified. <unknown template>[line 324, column 1]
2014-06-04 10:52:33,525 - RHS of #set statement is null. Context will not be modified. <unknown template>[line 324, column 1]
2014-06-04 10:52:33,527 - RHS of #set statement is null. Context will not be modified. <unknown template>[line 40, column 1]
2014-06-04 10:52:33,527 - RHS of #set statement is null. Context will not be modified. <unknown template>[line 40, column 1]
2014-06-04 10:52:33,527 - RHS of #set statement is null. Context will not be modified. <unknown template>[line 56, column 1]
2014-06-04 10:52:33,527 - RHS of #set statement is null. Context will not be modified. <unknown template>[line 56, column 1]
2014-06-04 10:52:33,527 - RHS of #set statement is null. Context will not be modified. <unknown template>[line 324, column 1]
2014-06-04 10:52:33,527 - RHS of #set statement is null. Context will not be modified. <unknown template>[line 324, column 1]
2014-06-04 10:52:33,528 - RHS of #set statement is null. Context will not be modified. <unknown template>[line 324, column 1]
2014-06-04 10:52:33,528 - RHS of #set statement is null. Context will not be modified. <unknown template>[line 324, column 1]
2014-06-04 10:52:33,529 - RHS of #set statement is null. Context will not be modified. <unknown template>[line 40, column 1]
2014-06-04 10:52:33,529 - RHS of #set statement is null. Context will not be modified. <unknown template>[line 40, column 1]
2014-06-04 10:52:33,529 - RHS of #set statement is null. Context will not be modified. <unknown template>[line 56, column 1]
2014-06-04 10:52:33,529 - RHS of #set statement is null. Context will not be modified. <unknown template>[line 56, column 1]
2014-06-04 10:52:33,530 - RHS of #set statement is null. Context will not be modified. <unknown template>[line 324, column 1]
2014-06-04 10:52:33,530 - RHS of #set statement is null. Context will not be modified. <unknown template>[line 324, column 1]
2014-06-04 10:52:33,535 - RHS of #set statement is null. Context will not be modified. <unknown template>[line 324, column 1]
2014-06-04 10:52:33,535 - RHS of #set statement is null. Context will not be modified. <unknown template>[line 324, column 1]
2014-06-04 10:52:33,536 - RHS of #set statement is null. Context will not be modified. <unknown template>[line 40, column 1]
2014-06-04 10:52:33,536 - RHS of #set statement is null. Context will not be modified. <unknown template>[line 40, column 1]
2014-06-04 10:52:33,536 - RHS of #set statement is null. Context will not be modified. <unknown template>[line 56, column 1]
2014-06-04 10:52:33,536 - RHS of #set statement is null. Context will not be modified. <unknown template>[line 56, column 1]
2014-06-04 10:52:33,536 - RHS of #set statement is null. Context will not be modified. <unknown template>[line 324, column 1]
2014-06-04 10:52:33,536 - RHS of #set statement is null. Context will not be modified. <unknown template>[line 324, column 1]
2014-06-04 10:52:33,537 - RHS of #set statement is null. Context will not be modified. <unknown template>[line 324, column 1]
2014-06-04 10:52:33,537 - RHS of #set statement is null. Context will not be modified. <unknown template>[line 324, column 1]
2014-06-04 10:52:33,538 - RHS of #set statement is null. Context will not be modified. <unknown template>[line 40, column 1]
2014-06-04 10:52:33,538 - RHS of #set statement is null. Context will not be modified. <unknown template>[line 40, column 1]
2014-06-04 10:52:33,538 - RHS of #set statement is null. Context will not be modified. <unknown template>[line 56, column 1]
2014-06-04 10:52:33,538 - RHS of #set statement is null. Context will not be modified. <unknown template>[line 56, column 1]
2014-06-04 10:52:33,539 - RHS of #set statement is null. Context will not be modified. <unknown template>[line 324, column 1]
2014-06-04 10:52:33,539 - RHS of #set statement is null. Context will not be modified. <unknown template>[line 324, column 1]
2014-06-04 10:52:33,539 - RHS of #set statement is null. Context will not be modified. <unknown template>[line 324, column 1]
2014-06-04 10:52:33,539 - RHS of #set statement is null. Context will not be modified. <unknown template>[line 324, column 1]
2014-06-04 10:52:33,540 - RHS of #set statement is null. Context will not be modified. <unknown template>[line 40, column 1]
2014-06-04 10:52:33,540 - RHS of #set statement is null. Context will not be modified. <unknown template>[line 40, column 1]
2014-06-04 10:52:33,540 - RHS of #set statement is null. Context will not be modified. <unknown template>[line 56, column 1]
2014-06-04 10:52:33,540 - RHS of #set statement is null. Context will not be modified. <unknown template>[line 56, column 1]
2014-06-04 10:52:33,542 - RHS of #set statement is null. Context will not be modified. <unknown template>[line 324, column 1]
2014-06-04 10:52:33,542 - RHS of #set statement is null. Context will not be modified. <unknown template>[line 324, column 1]
2014-06-04 10:52:33,542 - RHS of #set statement is null. Context will not be modified. <unknown template>[line 324, column 1]
2014-06-04 10:52:33,542 - RHS of #set statement is null. Context will not be modified. <unknown template>[line 324, column 1]
2014-06-04 10:52:33,543 - RHS of #set statement is null. Context will not be modified. <unknown template>[line 40, column 1]
2014-06-04 10:52:33,543 - RHS of #set statement is null. Context will not be modified. <unknown template>[line 40, column 1]
2014-06-04 10:52:33,543 - RHS of #set statement is null. Context will not be modified. <unknown template>[line 56, column 1]
2014-06-04 10:52:33,543 - RHS of #set statement is null. Context will not be modified. <unknown template>[line 56, column 1]
2014-06-04 10:52:33,546 - RHS of #set statement is null. Context will not be modified. <unknown template>[line 40, column 1]
2014-06-04 10:52:33,546 - RHS of #set statement is null. Context will not be modified. <unknown template>[line 40, column 1]
2014-06-04 10:52:33,547 - RHS of #set statement is null. Context will not be modified. <unknown template>[line 56, column 1]
2014-06-04 10:52:33,547 - RHS of #set statement is null. Context will not be modified. <unknown template>[line 56, column 1]
2014-06-04 10:52:33,548 - RHS of #set statement is null. Context will not be modified. <unknown template>[line 324, column 1]
2014-06-04 10:52:33,548 - RHS of #set statement is null. Context will not be modified. <unknown template>[line 324, column 1]
2014-06-04 10:52:33,548 - RHS of #set statement is null. Context will not be modified. <unknown template>[line 40, column 1]
2014-06-04 10:52:33,548 - RHS of #set statement is null. Context will not be modified. <unknown template>[line 40, column 1]
2014-06-04 10:52:33,548 - RHS of #set statement is null. Context will not be modified. <unknown template>[line 56, column 1]
2014-06-04 10:52:33,548 - RHS of #set statement is null. Context will not be modified. <unknown template>[line 56, column 1]
2014-06-04 10:52:33,549 - RHS of #set statement is null. Context will not be modified. <unknown template>[line 324, column 1]
2014-06-04 10:52:33,549 - RHS of #set statement is null. Context will not be modified. <unknown template>[line 324, column 1]
2014-06-04 10:52:33,549 - RHS of #set statement is null. Context will not be modified. <unknown template>[line 40, column 1]
2014-06-04 10:52:33,549 - RHS of #set statement is null. Context will not be modified. <unknown template>[line 40, column 1]
2014-06-04 10:52:33,549 - RHS of #set statement is null. Context will not be modified. <unknown template>[line 56, column 1]
2014-06-04 10:52:33,549 - RHS of #set statement is null. Context will not be modified. <unknown template>[line 56, column 1]
2014-06-04 10:52:33,551 - RHS of #set statement is null. Context will not be modified. <unknown template>[line 324, column 1]
2014-06-04 10:52:33,551 - RHS of #set statement is null. Context will not be modified. <unknown template>[line 324, column 1]
2014-06-04 10:52:33,551 - RHS of #set statement is null. Context will not be modified. <unknown template>[line 40, column 1]
2014-06-04 10:52:33,551 - RHS of #set statement is null. Context will not be modified. <unknown template>[line 40, column 1]
2014-06-04 10:52:33,551 - RHS of #set statement is null. Context will not be modified. <unknown template>[line 56, column 1]
2014-06-04 10:52:33,551 - RHS of #set statement is null. Context will not be modified. <unknown template>[line 56, column 1]
2014-06-04 10:52:33,552 - RHS of #set statement is null. Context will not be modified. <unknown template>[line 324, column 1]
2014-06-04 10:52:33,552 - RHS of #set statement is null. Context will not be modified. <unknown template>[line 324, column 1]
2014-06-04 10:52:33,554 - RHS of #set statement is null. Context will not be modified. <unknown template>[line 40, column 1]
2014-06-04 10:52:33,554 - RHS of #set statement is null. Context will not be modified. <unknown template>[line 40, column 1]
2014-06-04 10:52:33,554 - RHS of #set statement is null. Context will not be modified. <unknown template>[line 56, column 1]
2014-06-04 10:52:33,554 - RHS of #set statement is null. Context will not be modified. <unknown template>[line 56, column 1]
2014-06-04 10:52:33,554 - RHS of #set statement is null. Context will not be modified. <unknown template>[line 324, column 1]
2014-06-04 10:52:33,554 - RHS of #set statement is null. Context will not be modified. <unknown template>[line 324, column 1]
2014-06-04 10:52:33,555 - RHS of #set statement is null. Context will not be modified. <unknown template>[line 324, column 1]
2014-06-04 10:52:33,555 - RHS of #set statement is null. Context will not be modified. <unknown template>[line 324, column 1]
2014-06-04 10:52:33,555 - RHS of #set statement is null. Context will not be modified. <unknown template>[line 324, column 1]
2014-06-04 10:52:33,555 - RHS of #set statement is null. Context will not be modified. <unknown template>[line 324, column 1]
2014-06-04 10:52:33,594 - Log4JLogChute initialized using file 'velocity.log'
2014-06-04 10:52:33,594 - Log4JLogChute initialized using file 'velocity.log'
2014-06-04 10:52:33,594 - Log4JLogChute initialized using file 'velocity.log'
2014-06-04 10:52:33,594 - The version of log4j being used does not support the "trace" level.
2014-06-04 10:52:33,594 - The version of log4j being used does not support the "trace" level.
2014-06-04 10:52:33,594 - The version of log4j being used does not support the "trace" level.
2014-06-04 10:52:33,594 - Initializing Velocity, Calling init()...
2014-06-04 10:52:33,594 - Initializing Velocity, Calling init()...
2014-06-04 10:52:33,594 - Initializing Velocity, Calling init()...
2014-06-04 10:52:33,594 - *******************************************************************
2014-06-04 10:52:33,594 - *******************************************************************
2014-06-04 10:52:33,594 - *******************************************************************
2014-06-04 10:52:33,594 - Starting Apache Velocity v1.7 (compiled: 2010-11-19 12:14:37)
2014-06-04 10:52:33,594 - Starting Apache Velocity v1.7 (compiled: 2010-11-19 12:14:37)
2014-06-04 10:52:33,594 - Starting Apache Velocity v1.7 (compiled: 2010-11-19 12:14:37)
2014-06-04 10:52:33,594 - RuntimeInstance initializing.
2014-06-04 10:52:33,594 - RuntimeInstance initializing.
2014-06-04 10:52:33,594 - RuntimeInstance initializing.
2014-06-04 10:52:33,594 - Default Properties File: org\apache\velocity\runtime\defaults\velocity.properties
2014-06-04 10:52:33,594 - Default Properties File: org\apache\velocity\runtime\defaults\velocity.properties
2014-06-04 10:52:33,594 - Default Properties File: org\apache\velocity\runtime\defaults\velocity.properties
2014-06-04 10:52:33,594 - Trying to use logger class org.apache.velocity.runtime.log.AvalonLogChute
2014-06-04 10:52:33,594 - Trying to use logger class org.apache.velocity.runtime.log.AvalonLogChute
2014-06-04 10:52:33,594 - Trying to use logger class org.apache.velocity.runtime.log.AvalonLogChute
2014-06-04 10:52:33,595 - Target log system for org.apache.velocity.runtime.log.AvalonLogChute is not available (java.lang.NoClassDefFoundError: org/apache/log/format/Formatter).  Falling back to next log system...
2014-06-04 10:52:33,595 - Target log system for org.apache.velocity.runtime.log.AvalonLogChute is not available (java.lang.NoClassDefFoundError: org/apache/log/format/Formatter).  Falling back to next log system...
2014-06-04 10:52:33,595 - Target log system for org.apache.velocity.runtime.log.AvalonLogChute is not available (java.lang.NoClassDefFoundError: org/apache/log/format/Formatter).  Falling back to next log system...
2014-06-04 10:52:33,595 - Trying to use logger class org.apache.velocity.runtime.log.Log4JLogChute
2014-06-04 10:52:33,595 - Trying to use logger class org.apache.velocity.runtime.log.Log4JLogChute
2014-06-04 10:52:33,595 - Trying to use logger class org.apache.velocity.runtime.log.Log4JLogChute
2014-06-04 10:52:33,595 - Using logger class org.apache.velocity.runtime.log.Log4JLogChute
2014-06-04 10:52:33,595 - Using logger class org.apache.velocity.runtime.log.Log4JLogChute
2014-06-04 10:52:33,595 - Using logger class org.apache.velocity.runtime.log.Log4JLogChute
2014-06-04 10:52:33,596 - Default ResourceManager initializing. (class org.apache.velocity.runtime.resource.ResourceManagerImpl)
2014-06-04 10:52:33,596 - Default ResourceManager initializing. (class org.apache.velocity.runtime.resource.ResourceManagerImpl)
2014-06-04 10:52:33,596 - Default ResourceManager initializing. (class org.apache.velocity.runtime.resource.ResourceManagerImpl)
2014-06-04 10:52:33,597 - ResourceLoader instantiated: org.apache.velocity.runtime.resource.loader.FileResourceLoader
2014-06-04 10:52:33,597 - ResourceLoader instantiated: org.apache.velocity.runtime.resource.loader.FileResourceLoader
2014-06-04 10:52:33,597 - ResourceLoader instantiated: org.apache.velocity.runtime.resource.loader.FileResourceLoader
2014-06-04 10:52:33,598 - FileResourceLoader : initialization starting.
2014-06-04 10:52:33,598 - FileResourceLoader : initialization starting.
2014-06-04 10:52:33,598 - FileResourceLoader : initialization starting.
2014-06-04 10:52:33,598 - Do unicode file recognition:  false
2014-06-04 10:52:33,598 - Do unicode file recognition:  false
2014-06-04 10:52:33,598 - Do unicode file recognition:  false
2014-06-04 10:52:33,599 - FileResourceLoader : adding path '.'
2014-06-04 10:52:33,599 - FileResourceLoader : adding path '.'
2014-06-04 10:52:33,599 - FileResourceLoader : adding path '.'
2014-06-04 10:52:33,600 - FileResourceLoader : initialization complete.
2014-06-04 10:52:33,600 - FileResourceLoader : initialization complete.
2014-06-04 10:52:33,600 - FileResourceLoader : initialization complete.
2014-06-04 10:52:33,601 - ResourceCache: initialized (class org.apache.velocity.runtime.resource.ResourceCacheImpl) with class java.util.Collections$SynchronizedMap cache map.
2014-06-04 10:52:33,601 - ResourceCache: initialized (class org.apache.velocity.runtime.resource.ResourceCacheImpl) with class java.util.Collections$SynchronizedMap cache map.
2014-06-04 10:52:33,601 - ResourceCache: initialized (class org.apache.velocity.runtime.resource.ResourceCacheImpl) with class java.util.Collections$SynchronizedMap cache map.
2014-06-04 10:52:33,601 - Default ResourceManager initialization complete.
2014-06-04 10:52:33,601 - Default ResourceManager initialization complete.
2014-06-04 10:52:33,601 - Default ResourceManager initialization complete.
2014-06-04 10:52:33,603 - Loaded System Directive: org.apache.velocity.runtime.directive.Stop
2014-06-04 10:52:33,603 - Loaded System Directive: org.apache.velocity.runtime.directive.Stop
2014-06-04 10:52:33,603 - Loaded System Directive: org.apache.velocity.runtime.directive.Stop
2014-06-04 10:52:33,603 - Loaded System Directive: org.apache.velocity.runtime.directive.Define
2014-06-04 10:52:33,603 - Loaded System Directive: org.apache.velocity.runtime.directive.Define
2014-06-04 10:52:33,603 - Loaded System Directive: org.apache.velocity.runtime.directive.Define
2014-06-04 10:52:33,604 - Loaded System Directive: org.apache.velocity.runtime.directive.Break
2014-06-04 10:52:33,604 - Loaded System Directive: org.apache.velocity.runtime.directive.Break
2014-06-04 10:52:33,604 - Loaded System Directive: org.apache.velocity.runtime.directive.Break
2014-06-04 10:52:33,605 - Loaded System Directive: org.apache.velocity.runtime.directive.Evaluate
2014-06-04 10:52:33,605 - Loaded System Directive: org.apache.velocity.runtime.directive.Evaluate
2014-06-04 10:52:33,605 - Loaded System Directive: org.apache.velocity.runtime.directive.Evaluate
2014-06-04 10:52:33,606 - Loaded System Directive: org.apache.velocity.runtime.directive.Literal
2014-06-04 10:52:33,606 - Loaded System Directive: org.apache.velocity.runtime.directive.Literal
2014-06-04 10:52:33,606 - Loaded System Directive: org.apache.velocity.runtime.directive.Literal
2014-06-04 10:52:33,608 - Loaded System Directive: org.apache.velocity.runtime.directive.Macro
2014-06-04 10:52:33,608 - Loaded System Directive: org.apache.velocity.runtime.directive.Macro
2014-06-04 10:52:33,608 - Loaded System Directive: org.apache.velocity.runtime.directive.Macro
2014-06-04 10:52:33,609 - Loaded System Directive: org.apache.velocity.runtime.directive.Parse
2014-06-04 10:52:33,609 - Loaded System Directive: org.apache.velocity.runtime.directive.Parse
2014-06-04 10:52:33,609 - Loaded System Directive: org.apache.velocity.runtime.directive.Parse
2014-06-04 10:52:33,610 - Loaded System Directive: org.apache.velocity.runtime.directive.Include
2014-06-04 10:52:33,610 - Loaded System Directive: org.apache.velocity.runtime.directive.Include
2014-06-04 10:52:33,610 - Loaded System Directive: org.apache.velocity.runtime.directive.Include
2014-06-04 10:52:33,611 - Loaded System Directive: org.apache.velocity.runtime.directive.Foreach
2014-06-04 10:52:33,611 - Loaded System Directive: org.apache.velocity.runtime.directive.Foreach
2014-06-04 10:52:33,611 - Loaded System Directive: org.apache.velocity.runtime.directive.Foreach
2014-06-04 10:52:33,639 - Created '20' parsers.
2014-06-04 10:52:33,639 - Created '20' parsers.
2014-06-04 10:52:33,640 - Velocimacro : initialization starting.
2014-06-04 10:52:33,640 - Velocimacro : initialization starting.
2014-06-04 10:52:33,640 - Velocimacro : "velocimacro.library" is not set.  Trying default library: VM_global_library.vm
2014-06-04 10:52:33,640 - Velocimacro : "velocimacro.library" is not set.  Trying default library: VM_global_library.vm
2014-06-04 10:52:33,640 - Velocimacro : Default library not found.
2014-06-04 10:52:33,640 - Velocimacro : Default library not found.
2014-06-04 10:52:33,640 - Velocimacro : allowInline = true : VMs can be defined inline in templates
2014-06-04 10:52:33,640 - Velocimacro : allowInline = true : VMs can be defined inline in templates
2014-06-04 10:52:33,640 - Velocimacro : allowInlineToOverride = false : VMs defined inline may NOT replace previous VM definitions
2014-06-04 10:52:33,640 - Velocimacro : allowInlineToOverride = false : VMs defined inline may NOT replace previous VM definitions
2014-06-04 10:52:33,640 - Velocimacro : allowInlineLocal = false : VMs defined inline will be global in scope if allowed.
2014-06-04 10:52:33,640 - Velocimacro : allowInlineLocal = false : VMs defined inline will be global in scope if allowed.
2014-06-04 10:52:33,640 - Velocimacro : autoload off : VM system will not automatically reload global library macros
2014-06-04 10:52:33,640 - Velocimacro : autoload off : VM system will not automatically reload global library macros
2014-06-04 10:52:33,640 - Velocimacro : Velocimacro : initialization complete.
2014-06-04 10:52:33,640 - Velocimacro : Velocimacro : initialization complete.
2014-06-04 10:52:33,640 - RuntimeInstance successfully initialized.
2014-06-04 10:52:33,640 - RuntimeInstance successfully initialized.
2014-06-04 10:52:33,651 - Velocimacro : added VM writeSpecifiedType: source=
2014-06-04 10:52:33,651 - Velocimacro : added VM writeSpecifiedType: source=
